<?xml version="1.0" encoding="UTF-8"?>
<!-- Generated by org.testng.reporters.JUnitXMLReporter -->
<testsuite ignored="12" hostname="LAPTOP-CF7R0JKV" failures="2" tests="18" name="POMFramework" time="48.192" errors="0" timestamp="2023-12-23T12:58:50 IST">
  <testcase classname="com.medicare.Test.HomePageTest" name="test_getTitle_page" time="0.399"/>
  <testcase classname="com.medicare.Test.HomePageTest" name="Test_Validate_Text_On_Page" time="0.098"/>
  <testcase classname="com.medicare.Test.HomePageTest" name="test_click_register_link" time="1.735"/>
  <testcase classname="com.medicare.Test.RegisterPageTest" name="test_click_register_link" time="1.684"/>
  <testcase classname="com.medicare.Test.RegisterPageTest" name="test_getTitle_page" time="0.028"/>
  <testcase classname="com.medicare.Test.RegisterPageTest" name="Test_register_user" time="5.722"/>
  <testcase classname="com.medicare.Test.RegisterPageTest" name="Test_validate_registration_URL" time="0.033"/>
  <testcase classname="com.medicare.Test.RegisterPageTest" name="Test_validate_registration_Text" time="0.054"/>
  <testcase classname="com.medicare.Test.LoginPageTest" name="test_login" time="5.587"/>
  <testcase classname="com.medicare.Test.LoginPageTest" name="test_getTitle_page" time="0.039">
    <failure type="java.lang.AssertionError" message="expected [http://localhost:9010/login] but found [http://localhost:9010/register-user]">
      <![CDATA[java.lang.AssertionError: expected [http://localhost:9010/login] but found [http://localhost:9010/register-user]
at com.medicare.Test.LoginPageTest.test_getTitle_page(LoginPageTest.java:43)
at java.base/java.util.ArrayList.forEach(ArrayList.java:1511)
... Removed 33 stack frames]]>
    </failure>
  </testcase> <!-- test_getTitle_page -->
  <testcase classname="com.medicare.Test.LoginPageTest" name="Test_validate_registration_Text" time="0.09"/>
  <testcase classname="com.medicare.Test.LoginPageTest" name="test_click_cart" time="0.267"/>
  <testcase classname="com.medicare.Test.AddToCartTestPage" name="test_login" time="5.654"/>
  <testcase classname="com.medicare.Test.AddToCartTestPage" name="test_add_product_to_cart" time="0.121"/>
  <testcase classname="com.medicare.Test.AddToCartTestPage" name="test_validate_success_message" time="0.047"/>
  <testcase classname="com.medicare.Test.OrderPageTest" name="test_login" time="5.516"/>
  <testcase classname="com.medicare.Test.OrderPageTest" name="test_click_orders" time="0.188"/>
  <testcase classname="com.medicare.Test.OrderPageTest" name="test_getTitle_page" time="0.016">
    <failure type="java.lang.AssertionError" message="expected [http://localhost:9010/orders] but found [http://localhost:9010/register-user]">
      <![CDATA[java.lang.AssertionError: expected [http://localhost:9010/orders] but found [http://localhost:9010/register-user]
at com.medicare.Test.OrderPageTest.test_getTitle_page(OrderPageTest.java:50)
at java.base/java.util.ArrayList.forEach(ArrayList.java:1511)
... Removed 33 stack frames]]>
    </failure>
  </testcase> <!-- test_getTitle_page -->
  <testcase classname="com.medicare.Scripts.TestBase" name="@BeforeTest getnameMethod" time="0.0">
    <ignored/>
  </testcase> <!-- @BeforeTest getnameMethod -->
  <testcase classname="com.medicare.Scripts.TestBase" name="@AfterSuite generateReports" time="0.0">
    <ignored/>
  </testcase> <!-- @AfterSuite generateReports -->
  <testcase classname="com.medicare.Scripts.TestBase" name="@BeforeSuite InitalizeExtentReport" time="0.0">
    <ignored/>
  </testcase> <!-- @BeforeSuite InitalizeExtentReport -->
  <testcase classname="com.medicare.Scripts.TestBase" name="@AfterSuite generateReports" time="0.0">
    <ignored/>
  </testcase> <!-- @AfterSuite generateReports -->
  <testcase classname="com.medicare.Scripts.TestBase" name="@BeforeSuite InitalizeExtentReport" time="0.0">
    <ignored/>
  </testcase> <!-- @BeforeSuite InitalizeExtentReport -->
  <testcase classname="com.medicare.Scripts.TestBase" name="@BeforeTest getnameMethod" time="0.0">
    <ignored/>
  </testcase> <!-- @BeforeTest getnameMethod -->
  <testcase classname="com.medicare.Scripts.TestBase" name="@BeforeSuite InitalizeExtentReport" time="0.0">
    <ignored/>
  </testcase> <!-- @BeforeSuite InitalizeExtentReport -->
  <testcase classname="com.medicare.Scripts.TestBase" name="@BeforeSuite InitalizeExtentReport" time="0.0">
    <ignored/>
  </testcase> <!-- @BeforeSuite InitalizeExtentReport -->
  <testcase classname="com.medicare.Scripts.TestBase" name="@BeforeTest getnameMethod" time="0.0">
    <ignored/>
  </testcase> <!-- @BeforeTest getnameMethod -->
  <testcase classname="com.medicare.Scripts.TestBase" name="@AfterSuite generateReports" time="0.0">
    <ignored/>
  </testcase> <!-- @AfterSuite generateReports -->
  <testcase classname="com.medicare.Scripts.TestBase" name="@BeforeTest getnameMethod" time="0.0">
    <ignored/>
  </testcase> <!-- @BeforeTest getnameMethod -->
  <testcase classname="com.medicare.Scripts.TestBase" name="@AfterSuite generateReports" time="0.0">
    <ignored/>
  </testcase> <!-- @AfterSuite generateReports -->
</testsuite> <!-- POMFramework -->
